#
# There is insufficient memory for the Java Runtime Environment to continue.
# Native memory allocation (mmap) failed to map 536870912 bytes for G1 virtual space
# Possible reasons:
#   The system is out of physical RAM or swap space
#   The process is running with CompressedOops enabled, and the Java Heap may be blocking the growth of the native heap
# Possible solutions:
#   Reduce memory load on the system
#   Increase physical memory or swap space
#   Check if swap backing store is full
#   Decrease Java heap size (-Xmx/-Xms)
#   Decrease number of Java threads
#   Decrease Java thread stack sizes (-Xss)
#   Set larger code cache with -XX:ReservedCodeCacheSize=
#   JVM is running with Zero Based Compressed Oops mode in which the Java heap is
#     placed in the first 32GB address space. The Java Heap base address is the
#     maximum limit for the native heap growth. Please use -XX:HeapBaseMinAddress
#     to set the Java Heap base and to place the Java Heap above 32GB virtual address.
# This output file may be truncated or incomplete.
#
#  Out of Memory Error (os_windows.cpp:3760), pid=32576, tid=26896
#
# JRE version:  (17.0.5+1) (build )
# Java VM: OpenJDK 64-Bit Server VM (17.0.5+1-b653.23, mixed mode, sharing, tiered, compressed oops, compressed class ptrs, g1 gc, windows-amd64)
# No core dump will be written. Minidumps are not enabled by default on client versions of Windows
#

---------------  S U M M A R Y ------------

Command Line: externalApp.nativessh.NativeSshAskPassApp Enter passphrase for key '/c/Users/mgevl/.ssh/id_rsa': 

Host: Intel(R) Core(TM) i7-8750H CPU @ 2.20GHz, 12 cores, 31G,  Windows 11 , 64 bit Build 22621 (10.0.22621.2506)
Time: Mon Nov 20 17:23:21 2023 Arabian Standard Time elapsed time: 0.024656 seconds (0d 0h 0m 0s)

---------------  T H R E A D  ---------------

Current thread (0x000001748c892400):  JavaThread "Unknown thread" [_thread_in_vm, id=26896, stack(0x00000049e0600000,0x00000049e0700000)]

Stack: [0x00000049e0600000,0x00000049e0700000]
Native frames: (J=compiled Java code, j=interpreted, Vv=VM code, C=native code)
V  [jvm.dll+0x6830ca]
V  [jvm.dll+0x83f4c4]
V  [jvm.dll+0x840c6e]
V  [jvm.dll+0x8412d3]
V  [jvm.dll+0x2490b5]
V  [jvm.dll+0x67ff99]
V  [jvm.dll+0x6744aa]
V  [jvm.dll+0x308f2b]
V  [jvm.dll+0x3103e6]
V  [jvm.dll+0x36013e]
V  [jvm.dll+0x36036f]
V  [jvm.dll+0x2df018]
V  [jvm.dll+0x2dff84]
V  [jvm.dll+0x810d91]
V  [jvm.dll+0x36df31]
V  [jvm.dll+0x7f028c]
V  [jvm.dll+0x3f0cbf]
V  [jvm.dll+0x3f2801]
C  [jli.dll+0x526b]
C  [ucrtbase.dll+0x29363]
C  [KERNEL32.DLL+0x1257d]
C  [ntdll.dll+0x5aa58]


---------------  P R O C E S S  ---------------

Threads class SMR info:
_java_thread_list=0x00007ff8193e8f98, length=0, elements={
}

Java Threads: ( => current thread )

Other Threads:
  0x000001748c93f010 GCTaskThread "GC Thread#0" [stack: 0x00000049e0700000,0x00000049e0800000] [id=29964]
  0x00000174b24c4070 ConcurrentGCThread "G1 Main Marker" [stack: 0x00000049e0800000,0x00000049e0900000] [id=12012]
  0x00000174b24c4a80 ConcurrentGCThread "G1 Conc#0" [stack: 0x00000049e0900000,0x00000049e0a00000] [id=30180]

[error occurred during error reporting (printing all threads), id 0xc0000005, EXCEPTION_ACCESS_VIOLATION (0xc0000005) at pc=0x00007ff818b9fbd7]

VM state: not at safepoint (not fully initialized)

VM Mutex/Monitor currently owned by a thread:  ([mutex/lock_event])
[0x000001748c88e830] Heap_lock - owner thread: 0x000001748c892400

Heap address: 0x0000000601000000, size: 8176 MB, Compressed Oops mode: Zero based, Oop shift amount: 3

CDS archive(s) mapped at: [0x0000000000000000-0x0000000000000000-0x0000000000000000), size 0, SharedBaseAddress: 0x0000000800000000, ArchiveRelocationMode: 0.
Narrow klass base: 0x0000000000000000, Narrow klass shift: 0, Narrow klass range: 0x0

GC Precious Log:
<Empty>

Heap:
 garbage-first heap   total 0K, used 0K [0x0000000601000000, 0x0000000800000000)
  region size 4096K, 0 young (0K), 0 survivors (0K)

[error occurred during error reporting (printing heap information), id 0xc0000005, EXCEPTION_ACCESS_VIOLATION (0xc0000005) at pc=0x00007ff818f8cd59]

GC Heap History (0 events):
No events

Dll operation events (1 events):
Event: 0.011 Loaded shared library C:\Users\mgevl\AppData\Local\JetBrains\Toolbox\apps\WebStorm\ch-0\223.8214.51\jbr\bin\java.dll

Deoptimization events (0 events):
No events

Classes unloaded (0 events):
No events

Classes redefined (0 events):
No events

Internal exceptions (0 events):
No events

VM Operations (0 events):
No events

Events (0 events):
No events


Dynamic libraries:
0x00007ff776410000 - 0x00007ff77641a000 	C:\Users\mgevl\AppData\Local\JetBrains\Toolbox\apps\WebStorm\ch-0\223.8214.51\jbr\bin\java.exe
0x00007ff91c370000 - 0x00007ff91c587000 	C:\WINDOWS\SYSTEM32\ntdll.dll
0x00007ff8e50b0000 - 0x00007ff8e50c9000 	C:\Program Files\AVG\Antivirus\aswhook.dll
0x00007ff91a790000 - 0x00007ff91a854000 	C:\WINDOWS\System32\KERNEL32.DLL
0x00007ff9196e0000 - 0x00007ff919a85000 	C:\WINDOWS\System32\KERNELBASE.dll
0x00007ff919c20000 - 0x00007ff919d31000 	C:\WINDOWS\System32\ucrtbase.dll
0x00007ff8e0910000 - 0x00007ff8e092b000 	C:\Users\mgevl\AppData\Local\JetBrains\Toolbox\apps\WebStorm\ch-0\223.8214.51\jbr\bin\VCRUNTIME140.dll
0x00007ff8e1f60000 - 0x00007ff8e1f77000 	C:\Users\mgevl\AppData\Local\JetBrains\Toolbox\apps\WebStorm\ch-0\223.8214.51\jbr\bin\jli.dll
0x00007ff91a500000 - 0x00007ff91a6ae000 	C:\WINDOWS\System32\USER32.dll
0x00007ff919de0000 - 0x00007ff919e06000 	C:\WINDOWS\System32\win32u.dll
0x00007ff8e78b0000 - 0x00007ff8e7b43000 	C:\WINDOWS\WinSxS\amd64_microsoft.windows.common-controls_6595b64144ccf1df_6.0.22621.2506_none_270c5ae97388e100\COMCTL32.dll
0x00007ff91bc70000 - 0x00007ff91bc99000 	C:\WINDOWS\System32\GDI32.dll
0x00007ff91a3c0000 - 0x00007ff91a467000 	C:\WINDOWS\System32\msvcrt.dll
0x00007ff919b00000 - 0x00007ff919c19000 	C:\WINDOWS\System32\gdi32full.dll
0x00007ff919d40000 - 0x00007ff919dda000 	C:\WINDOWS\System32\msvcp_win.dll
0x00007ff91a750000 - 0x00007ff91a781000 	C:\WINDOWS\System32\IMM32.DLL
0x00007ff914c70000 - 0x00007ff914c7c000 	C:\Users\mgevl\AppData\Local\JetBrains\Toolbox\apps\WebStorm\ch-0\223.8214.51\jbr\bin\vcruntime140_1.dll
0x00007ff8bb030000 - 0x00007ff8bb0bd000 	C:\Users\mgevl\AppData\Local\JetBrains\Toolbox\apps\WebStorm\ch-0\223.8214.51\jbr\bin\msvcp140.dll
0x00007ff8188b0000 - 0x00007ff81951b000 	C:\Users\mgevl\AppData\Local\JetBrains\Toolbox\apps\WebStorm\ch-0\223.8214.51\jbr\bin\server\jvm.dll
0x00007ff91a880000 - 0x00007ff91a931000 	C:\WINDOWS\System32\ADVAPI32.dll
0x00007ff91bbc0000 - 0x00007ff91bc66000 	C:\WINDOWS\System32\sechost.dll
0x00007ff91c210000 - 0x00007ff91c327000 	C:\WINDOWS\System32\RPCRT4.dll
0x00007ff905b40000 - 0x00007ff905b49000 	C:\WINDOWS\SYSTEM32\WSOCK32.dll
0x00007ff9132b0000 - 0x00007ff9132ba000 	C:\WINDOWS\SYSTEM32\VERSION.dll
0x00007ff913300000 - 0x00007ff913334000 	C:\WINDOWS\SYSTEM32\WINMM.dll
0x00007ff91a1a0000 - 0x00007ff91a211000 	C:\WINDOWS\System32\WS2_32.dll
0x00007ff918640000 - 0x00007ff918658000 	C:\WINDOWS\SYSTEM32\kernel.appcore.dll
0x00007ff914310000 - 0x00007ff91431a000 	C:\Users\mgevl\AppData\Local\JetBrains\Toolbox\apps\WebStorm\ch-0\223.8214.51\jbr\bin\jimage.dll
0x00007ff916ff0000 - 0x00007ff917223000 	C:\WINDOWS\SYSTEM32\DBGHELP.DLL
0x00007ff91a940000 - 0x00007ff91acc9000 	C:\WINDOWS\System32\combase.dll
0x00007ff91a0c0000 - 0x00007ff91a197000 	C:\WINDOWS\System32\OLEAUT32.dll
0x00007ff90d630000 - 0x00007ff90d662000 	C:\WINDOWS\SYSTEM32\dbgcore.DLL
0x00007ff91a040000 - 0x00007ff91a0ba000 	C:\WINDOWS\System32\bcryptPrimitives.dll
0x00007ff8e4cd0000 - 0x00007ff8e4cf5000 	C:\Users\mgevl\AppData\Local\JetBrains\Toolbox\apps\WebStorm\ch-0\223.8214.51\jbr\bin\java.dll

dbghelp: loaded successfully - version: 4.0.5 - missing functions: none
symbol engine: initialized successfully - sym options: 0x614 - pdb path: .;C:\Users\mgevl\AppData\Local\JetBrains\Toolbox\apps\WebStorm\ch-0\223.8214.51\jbr\bin;C:\WINDOWS\SYSTEM32;C:\Program Files\AVG\Antivirus;C:\WINDOWS\WinSxS\amd64_microsoft.windows.common-controls_6595b64144ccf1df_6.0.22621.2506_none_270c5ae97388e100;C:\Users\mgevl\AppData\Local\JetBrains\Toolbox\apps\WebStorm\ch-0\223.8214.51\jbr\bin\server

VM Arguments:
java_command: externalApp.nativessh.NativeSshAskPassApp Enter passphrase for key '/c/Users/mgevl/.ssh/id_rsa': 
java_class_path (initial): C:/Users/mgevl/AppData/Local/JetBrains/Toolbox/apps/WebStorm/ch-0/223.8214.51/lib/externalProcess-rt.jar;C:/Users/mgevl/AppData/Local/JetBrains/Toolbox/apps/WebStorm/ch-0/223.8214.51/lib/app.jar;C:/Users/mgevl/AppData/Local/JetBrains/Toolbox/apps/WebStorm/ch-0/223.8214.51/lib/3rd-party-rt.jar
Launcher Type: SUN_STANDARD

[Global flags]
     intx CICompilerCount                          = 4                                         {product} {ergonomic}
     uint ConcGCThreads                            = 3                                         {product} {ergonomic}
     uint G1ConcRefinementThreads                  = 10                                        {product} {ergonomic}
   size_t G1HeapRegionSize                         = 4194304                                   {product} {ergonomic}
    uintx GCDrainStackTargetSize                   = 64                                        {product} {ergonomic}
   size_t InitialHeapSize                          = 536870912                                 {product} {ergonomic}
   size_t MarkStackSize                            = 4194304                                   {product} {ergonomic}
   size_t MaxHeapSize                              = 8573157376                                {product} {ergonomic}
   size_t MinHeapDeltaBytes                        = 4194304                                   {product} {ergonomic}
   size_t MinHeapSize                              = 8388608                                   {product} {ergonomic}
    uintx NonNMethodCodeHeapSize                   = 5839372                                {pd product} {ergonomic}
    uintx NonProfiledCodeHeapSize                  = 122909434                              {pd product} {ergonomic}
    uintx ProfiledCodeHeapSize                     = 122909434                              {pd product} {ergonomic}
    uintx ReservedCodeCacheSize                    = 251658240                              {pd product} {ergonomic}
     bool SegmentedCodeCache                       = true                                      {product} {ergonomic}
   size_t SoftMaxHeapSize                          = 8573157376                             {manageable} {ergonomic}
     bool UseCompressedClassPointers               = true                           {product lp64_product} {ergonomic}
     bool UseCompressedOops                        = true                           {product lp64_product} {ergonomic}
     bool UseG1GC                                  = true                                      {product} {ergonomic}
     bool UseLargePagesIndividualAllocation        = false                                  {pd product} {ergonomic}

Logging:
Log output configuration:
 #0: stdout all=warning uptime,level,tags
 #1: stderr all=off uptime,level,tags

Environment Variables:
JAVA_HOME=C:\Program Files (x86)\Java\jre1.8.0_211
PATH=C:\Program Files\Git\mingw64\libexec\git-core;C:\Program Files\Git\mingw64\bin;C:\Program Files\Git\usr\bin;C:\Users\mgevl\bin;C:\Program Files\Common Files\Oracle\Java\javapath;C:\Program Files\Oculus\Support\oculus-runtime;C:\Python39\Scripts;C:\Python39;C:\Windows\system32;C:\Windows;C:\Windows\System32\Wbem;C:\Windows\System32\WindowsPowerShell\v1.0;C:\Windows\System32\OpenSSH;C:\Program Files\Intel\WiFi\bin;C:\Program Files\Common Files\Intel\WirelessCommon;C:\Program Files (x86)\NVIDIA Corporation\PhysX\Common;C:\Program Files\NVIDIA Corporation\NVIDIA NvDLISR;C:\Program Files\PuTTY;C:\Program Files\Microsoft\Web Platform Installer;C:\Program Files\Microsoft SQL Server\130\Tools\Binn;C:\WINDOWS\system32;C:\WINDOWS;C:\WINDOWS\System32\Wbem;C:\WINDOWS\System32\WindowsPowerShell\v1.0;C:\WINDOWS\System32\OpenSSH;C:\WINDOWS\System32\downlevel;C:\Program Files (x86)\Java\jre1.8.0_281\bin;C:\ProgramData\chocolatey\bin;C:\Program Files\dotnet;C:\WINDOWS\system32;C:\WINDOWS;C:\WINDOWS\System32\Wbem;C:\WINDOWS\System32\WindowsPowerShell\v1.0;C:\WINDOWS\System32\OpenSSH;C:\Program Files\nodejs;C:\Program Files\TortoiseGit\bin;C:\Program Files\Git\cmd;C:\Program Files\Git LFS;C:\Python373\Scripts;C:\Python373;C:\Users\mgevl\AppData\Local\Microsoft\WindowsApps;C:\Users\mgevl\AppData\Local\Programs\Microsoft VS Code\bin;C:\Users\mgevl\.dotnet\tools;D:\utils\micmac\bin;C:\Program Files\JetBrains\WebStorm 2021.2\bin;C:\Users\mgevl\go\bin;C:\Users\mgevl\AppData\Local\JetBrains\Toolbox\scripts;C:\Users\mgevl\AppData\Local\Microsoft\WindowsApps;C:\Users\mgevl\AppData\Roaming\npm
USERNAME=mgevl
DISPLAY=:0.0
LC_ALL=en_US.UTF-8
TERM=xterm-256color
TMPDIR=C:\Users\mgevl\AppData\Local\Temp
OS=Windows_NT
PROCESSOR_IDENTIFIER=Intel64 Family 6 Model 158 Stepping 10, GenuineIntel
TMP=C:\Users\mgevl\AppData\Local\Temp
TEMP=C:\Users\mgevl\AppData\Local\Temp



---------------  S Y S T E M  ---------------

OS:
 Windows 11 , 64 bit Build 22621 (10.0.22621.2506)
OS uptime: 1 days 13:52 hours
Hyper-V role detected

CPU: total 12 (initial active 12) (6 cores per cpu, 2 threads per core) family 6 model 158 stepping 10 microcode 0xde, cx8, cmov, fxsr, ht, mmx, 3dnowpref, sse, sse2, sse3, ssse3, sse4.1, sse4.2, popcnt, lzcnt, tsc, tscinvbit, avx, avx2, aes, erms, clmul, bmi1, bmi2, adx, fma, vzeroupper, clflush, clflushopt, hv

Memory: 4k page, system-wide physical 32691M (10131M free)
TotalPageFile size 32691M (AvailPageFile size 220M)
current process WorkingSet (physical memory assigned to process): 12M, peak: 12M
current process commit charge ("private bytes"): 64M, peak: 576M

vm_info: OpenJDK 64-Bit Server VM (17.0.5+1-b653.23) for windows-amd64 JRE (17.0.5+1-b653.23), built on 2022-12-12 by "builduser" with MS VC++ 16.10 / 16.11 (VS2019)

END.
